This is pdfTeX, Version 3.1415926-1.40.10 (TeX Live 2009/Debian) (format=pdflatex 2014.10.20)  21 OCT 2014 11:37
entering extended mode
 %&-line parsing enabled.
**handout.tex
(./handout.tex
LaTeX2e <2009/09/24>
Babel <v3.8l> and hyphenation patterns for english, usenglishmax, dumylang, noh
yphenation, farsi, arabic, croatian, bulgarian, ukrainian, russian, czech, slov
ak, danish, dutch, finnish, french, basque, ngerman, german, german-x-2009-06-1
9, ngerman-x-2009-06-19, ibycus, monogreek, greek, ancientgreek, hungarian, san
skrit, italian, latin, latvian, lithuanian, mongolian2a, mongolian, bokmal, nyn
orsk, romanian, irish, coptic, serbian, turkish, welsh, esperanto, uppersorbian
, estonian, indonesian, interlingua, icelandic, kurmanji, slovenian, polish, po
rtuguese, spanish, galician, catalan, swedish, ukenglish, pinyin, loaded.
(/usr/share/texmf-texlive/tex/latex/base/article.cls
Document Class: article 2007/10/19 v1.4h Standard LaTeX document class
(/usr/share/texmf-texlive/tex/latex/base/size10.clo
File: size10.clo 2007/10/19 v1.4h Standard LaTeX file (size option)
)
\c@part=\count79
\c@section=\count80
\c@subsection=\count81
\c@subsubsection=\count82
\c@paragraph=\count83
\c@subparagraph=\count84
\c@figure=\count85
\c@table=\count86
\abovecaptionskip=\skip41
\belowcaptionskip=\skip42
\bibindent=\dimen102
)
(/usr/share/texmf-texlive/tex/latex/pdfpages/pdfpages.sty
Package: pdfpages 2009/02/07 v0.4g Insert pages of external PDF documents (AM)

(/usr/share/texmf-texlive/tex/latex/base/ifthen.sty
Package: ifthen 2001/05/26 v1.1c Standard LaTeX ifthen package (DPC)
)
(/usr/share/texmf-texlive/tex/latex/graphics/graphicx.sty
Package: graphicx 1999/02/16 v1.0f Enhanced LaTeX Graphics (DPC,SPQR)

(/usr/share/texmf-texlive/tex/latex/graphics/keyval.sty
Package: keyval 1999/03/16 v1.13 key=value parser (DPC)
\KV@toks@=\toks14
)
(/usr/share/texmf-texlive/tex/latex/graphics/graphics.sty
Package: graphics 2009/02/05 v1.0o Standard LaTeX Graphics (DPC,SPQR)

(/usr/share/texmf-texlive/tex/latex/graphics/trig.sty
Package: trig 1999/03/16 v1.09 sin cos tan (DPC)
)
(/etc/texmf/tex/latex/config/graphics.cfg
File: graphics.cfg 2009/08/28 v1.8 graphics configuration of TeX Live
)
Package graphics Info: Driver file: pdftex.def on input line 91.

(/usr/share/texmf-texlive/tex/latex/pdftex-def/pdftex.def
File: pdftex.def 2010/03/12 v0.04p Graphics/color for pdfTeX
\Gread@gobject=\count87
))
\Gin@req@height=\dimen103
\Gin@req@width=\dimen104
)
(/usr/share/texmf-texlive/tex/latex/tools/calc.sty
Package: calc 2007/08/22 v4.3 Infix arithmetic (KKT,FJ)
\calc@Acount=\count88
\calc@Bcount=\count89
\calc@Adimen=\dimen105
\calc@Bdimen=\dimen106
\calc@Askip=\skip43
\calc@Bskip=\skip44
LaTeX Info: Redefining \setlength on input line 76.
LaTeX Info: Redefining \addtolength on input line 77.
\calc@Ccount=\count90
\calc@Cskip=\skip45
)
(/usr/share/texmf-texlive/tex/latex/eso-pic/eso-pic.sty
Package: eso-pic 2006/07/14 v1.1d eso-pic (RN)

(/usr/share/texmf-texlive/tex/latex/ms/everyshi.sty
Package: everyshi 2001/05/15 v3.00 EveryShipout Package (MS)
))
(/usr/share/texmf-texlive/tex/latex/pdfpages/pppdftex.def
File: pppdftex.def 2009/02/07 v0.4g Pdfpages driver for pdfTeX (AM)
)
\AM@pagebox=\box26
\AM@toc@title=\toks15
\c@AM@survey=\count91
\AM@templatesizebox=\box27
)
(/usr/share/R/share/texmf/tex/latex/Sweave.sty
Package: Sweave 

(/usr/share/texmf-texlive/tex/latex/fancyvrb/fancyvrb.sty
Package: fancyvrb 2008/02/07

Style option: `fancyvrb' v2.7a, with DG/SPQR fixes, and firstline=lastline fix 
<2008/02/07> (tvz)
\FV@CodeLineNo=\count92
\FV@InFile=\read1
\FV@TabBox=\box28
\c@FancyVerbLine=\count93
\FV@StepNumber=\count94
\FV@OutFile=\write3
) (/usr/share/texmf-texlive/tex/latex/base/textcomp.sty
Package: textcomp 2005/09/27 v1.99g Standard LaTeX package
Package textcomp Info: Sub-encoding information:
(textcomp)               5 = only ISO-Adobe without \textcurrency
(textcomp)               4 = 5 + \texteuro
(textcomp)               3 = 4 + \textohm
(textcomp)               2 = 3 + \textestimated + \textcurrency
(textcomp)               1 = TS1 - \textcircled - \t
(textcomp)               0 = TS1 (full)
(textcomp)             Font families with sub-encoding setting implement
(textcomp)             only a restricted character set as indicated.
(textcomp)             Family '?' is the default used for unknown fonts.
(textcomp)             See the documentation for details.
Package textcomp Info: Setting ? sub-encoding to TS1/1 on input line 71.

(/usr/share/texmf-texlive/tex/latex/base/ts1enc.def
File: ts1enc.def 2001/06/05 v3.0e (jk/car/fm) Standard LaTeX file
)
LaTeX Info: Redefining \oldstylenums on input line 266.
Package textcomp Info: Setting cmr sub-encoding to TS1/0 on input line 281.
Package textcomp Info: Setting cmss sub-encoding to TS1/0 on input line 282.
Package textcomp Info: Setting cmtt sub-encoding to TS1/0 on input line 283.
Package textcomp Info: Setting cmvtt sub-encoding to TS1/0 on input line 284.
Package textcomp Info: Setting cmbr sub-encoding to TS1/0 on input line 285.
Package textcomp Info: Setting cmtl sub-encoding to TS1/0 on input line 286.
Package textcomp Info: Setting ccr sub-encoding to TS1/0 on input line 287.
Package textcomp Info: Setting ptm sub-encoding to TS1/4 on input line 288.
Package textcomp Info: Setting pcr sub-encoding to TS1/4 on input line 289.
Package textcomp Info: Setting phv sub-encoding to TS1/4 on input line 290.
Package textcomp Info: Setting ppl sub-encoding to TS1/3 on input line 291.
Package textcomp Info: Setting pag sub-encoding to TS1/4 on input line 292.
Package textcomp Info: Setting pbk sub-encoding to TS1/4 on input line 293.
Package textcomp Info: Setting pnc sub-encoding to TS1/4 on input line 294.
Package textcomp Info: Setting pzc sub-encoding to TS1/4 on input line 295.
Package textcomp Info: Setting bch sub-encoding to TS1/4 on input line 296.
Package textcomp Info: Setting put sub-encoding to TS1/5 on input line 297.
Package textcomp Info: Setting uag sub-encoding to TS1/5 on input line 298.
Package textcomp Info: Setting ugq sub-encoding to TS1/5 on input line 299.
Package textcomp Info: Setting ul8 sub-encoding to TS1/4 on input line 300.
Package textcomp Info: Setting ul9 sub-encoding to TS1/4 on input line 301.
Package textcomp Info: Setting augie sub-encoding to TS1/5 on input line 302.
Package textcomp Info: Setting dayrom sub-encoding to TS1/3 on input line 303.
Package textcomp Info: Setting dayroms sub-encoding to TS1/3 on input line 304.

Package textcomp Info: Setting pxr sub-encoding to TS1/0 on input line 305.
Package textcomp Info: Setting pxss sub-encoding to TS1/0 on input line 306.
Package textcomp Info: Setting pxtt sub-encoding to TS1/0 on input line 307.
Package textcomp Info: Setting txr sub-encoding to TS1/0 on input line 308.
Package textcomp Info: Setting txss sub-encoding to TS1/0 on input line 309.
Package textcomp Info: Setting txtt sub-encoding to TS1/0 on input line 310.
Package textcomp Info: Setting futs sub-encoding to TS1/4 on input line 311.
Package textcomp Info: Setting futx sub-encoding to TS1/4 on input line 312.
Package textcomp Info: Setting futj sub-encoding to TS1/4 on input line 313.
Package textcomp Info: Setting hlh sub-encoding to TS1/3 on input line 314.
Package textcomp Info: Setting hls sub-encoding to TS1/3 on input line 315.
Package textcomp Info: Setting hlst sub-encoding to TS1/3 on input line 316.
Package textcomp Info: Setting hlct sub-encoding to TS1/5 on input line 317.
Package textcomp Info: Setting hlx sub-encoding to TS1/5 on input line 318.
Package textcomp Info: Setting hlce sub-encoding to TS1/5 on input line 319.
Package textcomp Info: Setting hlcn sub-encoding to TS1/5 on input line 320.
Package textcomp Info: Setting hlcw sub-encoding to TS1/5 on input line 321.
Package textcomp Info: Setting hlcf sub-encoding to TS1/5 on input line 322.
Package textcomp Info: Setting pplx sub-encoding to TS1/3 on input line 323.
Package textcomp Info: Setting pplj sub-encoding to TS1/3 on input line 324.
Package textcomp Info: Setting ptmx sub-encoding to TS1/4 on input line 325.
Package textcomp Info: Setting ptmj sub-encoding to TS1/4 on input line 326.
)
(/usr/share/texmf-texlive/tex/latex/base/fontenc.sty
Package: fontenc 2005/09/27 v1.99g Standard LaTeX package

(/usr/share/texmf-texlive/tex/latex/base/t1enc.def
File: t1enc.def 2005/09/27 v1.99g Standard LaTeX file
LaTeX Font Info:    Redeclaring font encoding T1 on input line 43.
))
(/usr/share/texmf-texlive/tex/latex/ae/ae.sty
Package: ae 2001/02/12 1.3 Almost European Computer Modern

(/usr/share/texmf-texlive/tex/latex/base/fontenc.sty
Package: fontenc 2005/09/27 v1.99g Standard LaTeX package

(/usr/share/texmf-texlive/tex/latex/base/t1enc.def
File: t1enc.def 2005/09/27 v1.99g Standard LaTeX file
LaTeX Font Info:    Redeclaring font encoding T1 on input line 43.
)
LaTeX Font Info:    Try loading font information for T1+aer on input line 100.

(/usr/share/texmf-texlive/tex/latex/ae/t1aer.fd
File: t1aer.fd 1997/11/16 Font definitions for T1/aer.
)))) (./handout.aux)
\openout1 = `handout.aux'.

LaTeX Font Info:    Checking defaults for OML/cmm/m/it on input line 5.
LaTeX Font Info:    ... okay on input line 5.
LaTeX Font Info:    Checking defaults for T1/cmr/m/n on input line 5.
LaTeX Font Info:    ... okay on input line 5.
LaTeX Font Info:    Checking defaults for OT1/cmr/m/n on input line 5.
LaTeX Font Info:    ... okay on input line 5.
LaTeX Font Info:    Checking defaults for OMS/cmsy/m/n on input line 5.
LaTeX Font Info:    ... okay on input line 5.
LaTeX Font Info:    Checking defaults for OMX/cmex/m/n on input line 5.
LaTeX Font Info:    ... okay on input line 5.
LaTeX Font Info:    Checking defaults for U/cmr/m/n on input line 5.
LaTeX Font Info:    ... okay on input line 5.
LaTeX Font Info:    Checking defaults for TS1/cmr/m/n on input line 5.
LaTeX Font Info:    Try loading font information for TS1+cmr on input line 5.

(/usr/share/texmf-texlive/tex/latex/base/ts1cmr.fd
File: ts1cmr.fd 1999/05/25 v2.5h Standard LaTeX font definitions
)
LaTeX Font Info:    ... okay on input line 5.

(/usr/share/texmf-texlive/tex/context/base/supp-pdf.mkii
[Loading MPS to PDF converter (version 2006.09.02).]
\scratchcounter=\count95
\scratchdimen=\dimen107
\scratchbox=\box29
\nofMPsegments=\count96
\nofMParguments=\count97
\everyMPshowfont=\toks16
\MPscratchCnt=\count98
\MPscratchDim=\dimen108
\MPnumerator=\count99
\everyMPtoPDFconversion=\toks17
) ABD: EveryShipout initializing macros
(/usr/share/texmf-texlive/tex/latex/graphics/color.sty
Package: color 2005/11/14 v1.0j Standard LaTeX Color (DPC)

(/etc/texmf/tex/latex/config/color.cfg
File: color.cfg 2007/01/18 v1.5 color configuration of teTeX/TeXLive
)
Package color Info: Driver file: pdftex.def on input line 130.
) (./handout-concordance.tex)
<rakutsykkel2014.pdf, id=4, page=1, 364.19562pt x 273.14648pt>
File: rakutsykkel2014.pdf Graphic file (type pdf)

<use rakutsykkel2014.pdf, page 1>
File: rakutsykkel2014.pdf Graphic file (type pdf)
 <use rakutsykkel2014.pdf, page 1>
File: rakutsykkel2014.pdf Graphic file (type pdf)

<use rakutsykkel2014.pdf, page 1>
<rakutsykkel2014.pdf, id=5, page=2, 364.19562pt x 273.14648pt>
File: rakutsykkel2014.pdf Graphic file (type pdf)

<use rakutsykkel2014.pdf, page 2>
File: rakutsykkel2014.pdf Graphic file (type pdf)
 <use rakutsykkel2014.pdf, page 2>
<rakutsykkel2014.pdf, id=6, page=3, 364.19562pt x 273.14648pt>
File: rakutsykkel2014.pdf Graphic file (type pdf)

<use rakutsykkel2014.pdf, page 3>
File: rakutsykkel2014.pdf Graphic file (type pdf)
 <use rakutsykkel2014.pdf, page 3>
<rakutsykkel2014.pdf, id=7, page=4, 364.19562pt x 273.14648pt>
File: rakutsykkel2014.pdf Graphic file (type pdf)

<use rakutsykkel2014.pdf, page 4>
File: rakutsykkel2014.pdf Graphic file (type pdf)
 <use rakutsykkel2014.pdf, page 4>
File: rakutsykkel2014.pdf Graphic file (type pdf)

<use rakutsykkel2014.pdf, page 1>
File: rakutsykkel2014.pdf Graphic file (type pdf)
 <use rakutsykkel2014.pdf, page 2>
File: rakutsykkel2014.pdf Graphic file (type pdf)

<use rakutsykkel2014.pdf, page 3>
File: rakutsykkel2014.pdf Graphic file (type pdf)
 <use rakutsykkel2014.pdf, page 4> [1

 <./rakutsykkel2014.pdf{/var/lib/texmf/fonts/map/pdftex/updmap/pdftex.map}> <./
rakutsykkel2014.pdf> <./rakutsykkel2014.pdf> <./rakutsykkel2014.pdf>]
<rakutsykkel2014.pdf, id=66, page=5, 364.19562pt x 273.14648pt>
File: rakutsykkel2014.pdf Graphic file (type pdf)

<use rakutsykkel2014.pdf, page 5>
File: rakutsykkel2014.pdf Graphic file (type pdf)
 <use rakutsykkel2014.pdf, page 5>
<rakutsykkel2014.pdf, id=67, page=6, 364.19562pt x 273.14648pt>
File: rakutsykkel2014.pdf Graphic file (type pdf)

<use rakutsykkel2014.pdf, page 6>
File: rakutsykkel2014.pdf Graphic file (type pdf)
 <use rakutsykkel2014.pdf, page 6>
<rakutsykkel2014.pdf, id=68, page=7, 364.19562pt x 273.14648pt>
File: rakutsykkel2014.pdf Graphic file (type pdf)

<use rakutsykkel2014.pdf, page 7>
File: rakutsykkel2014.pdf Graphic file (type pdf)
 <use rakutsykkel2014.pdf, page 7>
<rakutsykkel2014.pdf, id=70, page=8, 364.19562pt x 273.14648pt>
File: rakutsykkel2014.pdf Graphic file (type pdf)

<use rakutsykkel2014.pdf, page 8>
File: rakutsykkel2014.pdf Graphic file (type pdf)
 <use rakutsykkel2014.pdf, page 8>
File: rakutsykkel2014.pdf Graphic file (type pdf)

<use rakutsykkel2014.pdf, page 5>
File: rakutsykkel2014.pdf Graphic file (type pdf)
 <use rakutsykkel2014.pdf, page 6>
File: rakutsykkel2014.pdf Graphic file (type pdf)

<use rakutsykkel2014.pdf, page 7>
File: rakutsykkel2014.pdf Graphic file (type pdf)
 <use rakutsykkel2014.pdf, page 8> [2 <./rakutsykkel2014.pdf> <./rakutsykkel201
4.pdf> <./rakutsykkel2014.pdf> <./rakutsykkel2014.pdf>] <rakutsykkel2014.pdf, i
d=84, page=9, 364.19562pt x 273.14648pt>
File: rakutsykkel2014.pdf Graphic file (type pdf)

<use rakutsykkel2014.pdf, page 9>
File: rakutsykkel2014.pdf Graphic file (type pdf)
 <use rakutsykkel2014.pdf, page 9>
<rakutsykkel2014.pdf, id=85, page=10, 364.19562pt x 273.14648pt>
File: rakutsykkel2014.pdf Graphic file (type pdf)

<use rakutsykkel2014.pdf, page 10>
File: rakutsykkel2014.pdf Graphic file (type pdf)
 <use rakutsykkel2014.pdf, page 10>
<rakutsykkel2014.pdf, id=86, page=11, 364.19562pt x 273.14648pt>
File: rakutsykkel2014.pdf Graphic file (type pdf)

<use rakutsykkel2014.pdf, page 11>
File: rakutsykkel2014.pdf Graphic file (type pdf)
 <use rakutsykkel2014.pdf, page 11>
<rakutsykkel2014.pdf, id=87, page=12, 364.19562pt x 273.14648pt>
File: rakutsykkel2014.pdf Graphic file (type pdf)

<use rakutsykkel2014.pdf, page 12>
File: rakutsykkel2014.pdf Graphic file (type pdf)
 <use rakutsykkel2014.pdf, page 12>
File: rakutsykkel2014.pdf Graphic file (type pdf)

<use rakutsykkel2014.pdf, page 9>
File: rakutsykkel2014.pdf Graphic file (type pdf)
 <use rakutsykkel2014.pdf, page 10>
File: rakutsykkel2014.pdf Graphic file (type pdf)

<use rakutsykkel2014.pdf, page 11>
File: rakutsykkel2014.pdf Graphic file (type pdf)
 <use rakutsykkel2014.pdf, page 12> [3 <./rakutsykkel2014.pdf> <./rakutsykkel20
14.pdf> <./rakutsykkel2014.pdf> <./rakutsykkel2014.pdf>] <rakutsykkel2014.pdf, 
id=99, page=13, 364.19562pt x 273.14648pt>
File: rakutsykkel2014.pdf Graphic file (type pdf)

<use rakutsykkel2014.pdf, page 13>
File: rakutsykkel2014.pdf Graphic file (type pdf)
 <use rakutsykkel2014.pdf, page 13>
<rakutsykkel2014.pdf, id=100, page=14, 364.19562pt x 273.14648pt>
File: rakutsykkel2014.pdf Graphic file (type pdf)

<use rakutsykkel2014.pdf, page 14>
File: rakutsykkel2014.pdf Graphic file (type pdf)
 <use rakutsykkel2014.pdf, page 14>
<rakutsykkel2014.pdf, id=101, page=15, 364.19562pt x 273.14648pt>
File: rakutsykkel2014.pdf Graphic file (type pdf)

<use rakutsykkel2014.pdf, page 15>
File: rakutsykkel2014.pdf Graphic file (type pdf)
 <use rakutsykkel2014.pdf, page 15>
<rakutsykkel2014.pdf, id=102, page=16, 364.19562pt x 273.14648pt>
File: rakutsykkel2014.pdf Graphic file (type pdf)

<use rakutsykkel2014.pdf, page 16>
File: rakutsykkel2014.pdf Graphic file (type pdf)
 <use rakutsykkel2014.pdf, page 16>
File: rakutsykkel2014.pdf Graphic file (type pdf)

<use rakutsykkel2014.pdf, page 13>
File: rakutsykkel2014.pdf Graphic file (type pdf)
 <use rakutsykkel2014.pdf, page 14>
File: rakutsykkel2014.pdf Graphic file (type pdf)

<use rakutsykkel2014.pdf, page 15>
File: rakutsykkel2014.pdf Graphic file (type pdf)
 <use rakutsykkel2014.pdf, page 16> [4 <./rakutsykkel2014.pdf> <./rakutsykkel20
14.pdf> <./rakutsykkel2014.pdf> <./rakutsykkel2014.pdf>] <rakutsykkel2014.pdf, 
id=111, page=17, 364.19562pt x 273.14648pt>
File: rakutsykkel2014.pdf Graphic file (type pdf)

<use rakutsykkel2014.pdf, page 17>
File: rakutsykkel2014.pdf Graphic file (type pdf)
 <use rakutsykkel2014.pdf, page 17>
<rakutsykkel2014.pdf, id=112, page=18, 364.19562pt x 273.14648pt>
File: rakutsykkel2014.pdf Graphic file (type pdf)

<use rakutsykkel2014.pdf, page 18>
File: rakutsykkel2014.pdf Graphic file (type pdf)
 <use rakutsykkel2014.pdf, page 18>
<rakutsykkel2014.pdf, id=113, page=19, 364.19562pt x 273.14648pt>
File: rakutsykkel2014.pdf Graphic file (type pdf)

<use rakutsykkel2014.pdf, page 19>
File: rakutsykkel2014.pdf Graphic file (type pdf)
 <use rakutsykkel2014.pdf, page 19>
<rakutsykkel2014.pdf, id=114, page=20, 364.19562pt x 273.14648pt>
File: rakutsykkel2014.pdf Graphic file (type pdf)

<use rakutsykkel2014.pdf, page 20>
File: rakutsykkel2014.pdf Graphic file (type pdf)
 <use rakutsykkel2014.pdf, page 20>
File: rakutsykkel2014.pdf Graphic file (type pdf)

<use rakutsykkel2014.pdf, page 17>
File: rakutsykkel2014.pdf Graphic file (type pdf)
 <use rakutsykkel2014.pdf, page 18>
File: rakutsykkel2014.pdf Graphic file (type pdf)

<use rakutsykkel2014.pdf, page 19>
File: rakutsykkel2014.pdf Graphic file (type pdf)
 <use rakutsykkel2014.pdf, page 20> [5 <./rakutsykkel2014.pdf> <./rakutsykkel20
14.pdf> <./rakutsykkel2014.pdf> <./rakutsykkel2014.pdf>] <rakutsykkel2014.pdf, 
id=120, page=21, 364.19562pt x 273.14648pt>
File: rakutsykkel2014.pdf Graphic file (type pdf)

<use rakutsykkel2014.pdf, page 21>
File: rakutsykkel2014.pdf Graphic file (type pdf)
 <use rakutsykkel2014.pdf, page 21>
<rakutsykkel2014.pdf, id=121, page=22, 364.19562pt x 273.14648pt>
File: rakutsykkel2014.pdf Graphic file (type pdf)

<use rakutsykkel2014.pdf, page 22>
File: rakutsykkel2014.pdf Graphic file (type pdf)
 <use rakutsykkel2014.pdf, page 22>
<rakutsykkel2014.pdf, id=122, page=23, 364.19562pt x 273.14648pt>
File: rakutsykkel2014.pdf Graphic file (type pdf)

<use rakutsykkel2014.pdf, page 23>
File: rakutsykkel2014.pdf Graphic file (type pdf)
 <use rakutsykkel2014.pdf, page 23>
<rakutsykkel2014.pdf, id=123, page=24, 364.19562pt x 273.14648pt>
File: rakutsykkel2014.pdf Graphic file (type pdf)

<use rakutsykkel2014.pdf, page 24>
File: rakutsykkel2014.pdf Graphic file (type pdf)
 <use rakutsykkel2014.pdf, page 24>
File: rakutsykkel2014.pdf Graphic file (type pdf)

<use rakutsykkel2014.pdf, page 21>
File: rakutsykkel2014.pdf Graphic file (type pdf)
 <use rakutsykkel2014.pdf, page 22>
File: rakutsykkel2014.pdf Graphic file (type pdf)

<use rakutsykkel2014.pdf, page 23>
File: rakutsykkel2014.pdf Graphic file (type pdf)
 <use rakutsykkel2014.pdf, page 24> [6 <./rakutsykkel2014.pdf> <./rakutsykkel20
14.pdf> <./rakutsykkel2014.pdf> <./rakutsykkel2014.pdf>] <rakutsykkel2014.pdf, 
id=132, page=25, 364.19562pt x 273.14648pt>
File: rakutsykkel2014.pdf Graphic file (type pdf)

<use rakutsykkel2014.pdf, page 25>
File: rakutsykkel2014.pdf Graphic file (type pdf)
 <use rakutsykkel2014.pdf, page 25>
<rakutsykkel2014.pdf, id=133, page=26, 364.19562pt x 273.14648pt>
File: rakutsykkel2014.pdf Graphic file (type pdf)

<use rakutsykkel2014.pdf, page 26>
File: rakutsykkel2014.pdf Graphic file (type pdf)
 <use rakutsykkel2014.pdf, page 26>
<rakutsykkel2014.pdf, id=134, page=27, 364.19562pt x 273.14648pt>
File: rakutsykkel2014.pdf Graphic file (type pdf)

<use rakutsykkel2014.pdf, page 27>
File: rakutsykkel2014.pdf Graphic file (type pdf)
 <use rakutsykkel2014.pdf, page 27>
<rakutsykkel2014.pdf, id=135, page=28, 364.19562pt x 273.14648pt>
File: rakutsykkel2014.pdf Graphic file (type pdf)

<use rakutsykkel2014.pdf, page 28>
File: rakutsykkel2014.pdf Graphic file (type pdf)
 <use rakutsykkel2014.pdf, page 28>
File: rakutsykkel2014.pdf Graphic file (type pdf)

<use rakutsykkel2014.pdf, page 25>
File: rakutsykkel2014.pdf Graphic file (type pdf)
 <use rakutsykkel2014.pdf, page 26>
File: rakutsykkel2014.pdf Graphic file (type pdf)

<use rakutsykkel2014.pdf, page 27>
File: rakutsykkel2014.pdf Graphic file (type pdf)
 <use rakutsykkel2014.pdf, page 28> [7 <./rakutsykkel2014.pdf> <./rakutsykkel20
14.pdf> <./rakutsykkel2014.pdf> <./rakutsykkel2014.pdf>] <rakutsykkel2014.pdf, 
id=144, page=29, 364.19562pt x 273.14648pt>
File: rakutsykkel2014.pdf Graphic file (type pdf)

<use rakutsykkel2014.pdf, page 29>
File: rakutsykkel2014.pdf Graphic file (type pdf)
 <use rakutsykkel2014.pdf, page 29>
<rakutsykkel2014.pdf, id=145, page=30, 364.19562pt x 273.14648pt>
File: rakutsykkel2014.pdf Graphic file (type pdf)

<use rakutsykkel2014.pdf, page 30>
File: rakutsykkel2014.pdf Graphic file (type pdf)
 <use rakutsykkel2014.pdf, page 30>
<rakutsykkel2014.pdf, id=146, page=31, 364.19562pt x 273.14648pt>
File: rakutsykkel2014.pdf Graphic file (type pdf)

<use rakutsykkel2014.pdf, page 31>
File: rakutsykkel2014.pdf Graphic file (type pdf)
 <use rakutsykkel2014.pdf, page 31>
<rakutsykkel2014.pdf, id=147, page=32, 364.19562pt x 273.14648pt>
File: rakutsykkel2014.pdf Graphic file (type pdf)

<use rakutsykkel2014.pdf, page 32>
File: rakutsykkel2014.pdf Graphic file (type pdf)
 <use rakutsykkel2014.pdf, page 32>
File: rakutsykkel2014.pdf Graphic file (type pdf)

<use rakutsykkel2014.pdf, page 29>
File: rakutsykkel2014.pdf Graphic file (type pdf)
 <use rakutsykkel2014.pdf, page 30>
File: rakutsykkel2014.pdf Graphic file (type pdf)

<use rakutsykkel2014.pdf, page 31>
File: rakutsykkel2014.pdf Graphic file (type pdf)
 <use rakutsykkel2014.pdf, page 32> [8 <./rakutsykkel2014.pdf> <./rakutsykkel20
14.pdf> <./rakutsykkel2014.pdf> <./rakutsykkel2014.pdf>] <rakutsykkel2014.pdf, 
id=157, page=33, 364.19562pt x 273.14648pt>
File: rakutsykkel2014.pdf Graphic file (type pdf)

<use rakutsykkel2014.pdf, page 33>
File: rakutsykkel2014.pdf Graphic file (type pdf)
 <use rakutsykkel2014.pdf, page 33>
<rakutsykkel2014.pdf, id=158, page=34, 364.19562pt x 273.14648pt>
File: rakutsykkel2014.pdf Graphic file (type pdf)

<use rakutsykkel2014.pdf, page 34>
File: rakutsykkel2014.pdf Graphic file (type pdf)
 <use rakutsykkel2014.pdf, page 34>
<rakutsykkel2014.pdf, id=159, page=35, 364.19562pt x 273.14648pt>
File: rakutsykkel2014.pdf Graphic file (type pdf)

<use rakutsykkel2014.pdf, page 35>
File: rakutsykkel2014.pdf Graphic file (type pdf)
 <use rakutsykkel2014.pdf, page 35>
<rakutsykkel2014.pdf, id=160, page=36, 364.19562pt x 273.14648pt>
File: rakutsykkel2014.pdf Graphic file (type pdf)

<use rakutsykkel2014.pdf, page 36>
File: rakutsykkel2014.pdf Graphic file (type pdf)
 <use rakutsykkel2014.pdf, page 36>
File: rakutsykkel2014.pdf Graphic file (type pdf)

<use rakutsykkel2014.pdf, page 33>
File: rakutsykkel2014.pdf Graphic file (type pdf)
 <use rakutsykkel2014.pdf, page 34>
File: rakutsykkel2014.pdf Graphic file (type pdf)

<use rakutsykkel2014.pdf, page 35>
File: rakutsykkel2014.pdf Graphic file (type pdf)
 <use rakutsykkel2014.pdf, page 36> [9 <./rakutsykkel2014.pdf> <./rakutsykkel20
14.pdf> <./rakutsykkel2014.pdf> <./rakutsykkel2014.pdf>] <rakutsykkel2014.pdf, 
id=173, page=37, 364.19562pt x 273.14648pt>
File: rakutsykkel2014.pdf Graphic file (type pdf)

<use rakutsykkel2014.pdf, page 37>
File: rakutsykkel2014.pdf Graphic file (type pdf)
 <use rakutsykkel2014.pdf, page 37>
File: rakutsykkel2014.pdf Graphic file (type pdf)

<use rakutsykkel2014.pdf, page 1>
File: rakutsykkel2014.pdf Graphic file (type pdf)
 <use rakutsykkel2014.pdf, page 1>
File: rakutsykkel2014.pdf Graphic file (type pdf)

<use rakutsykkel2014.pdf, page 1>
File: rakutsykkel2014.pdf Graphic file (type pdf)
 <use rakutsykkel2014.pdf, page 1>
File: rakutsykkel2014.pdf Graphic file (type pdf)

<use rakutsykkel2014.pdf, page 1>
File: rakutsykkel2014.pdf Graphic file (type pdf)
 <use rakutsykkel2014.pdf, page 1>
File: rakutsykkel2014.pdf Graphic file (type pdf)

<use rakutsykkel2014.pdf, page 37> [10 <./rakutsykkel2014.pdf>] (./handout.aux)
 ) 
Here is how much of TeX's memory you used:
 2840 strings out of 493848
 41335 string characters out of 1152822
 88078 words of memory out of 3000000
 6109 multiletter control sequences out of 15000+50000
 5898 words of font info for 16 fonts, out of 3000000 for 9000
 714 hyphenation exceptions out of 8191
 35i,18n,45p,224b,425s stack positions out of 5000i,500n,10000p,200000b,50000s
</usr/share/texmf-texlive/fonts/type1/public/amsfonts/cm/cmss10.pfb></usr/sha
re/texmf-texlive/fonts/type1/public/amsfonts/cm/cmss12.pfb></usr/share/texmf-te
xlive/fonts/type1/public/amsfonts/cm/cmss8.pfb></usr/share/texmf-texlive/fonts/
type1/public/amsfonts/cm/cmssbx10.pfb></usr/share/texmf-texlive/fonts/type1/pub
lic/amsfonts/cm/cmssi10.pfb></usr/share/texmf-texlive/fonts/type1/public/amsfon
ts/cm/cmssi8.pfb></usr/share/texmf/fonts/type1/public/lm/lmsy10.pfb></usr/share
/texmf-texlive/fonts/type1/public/xypic/xyatip10.pfb></usr/share/texmf-texlive/
fonts/type1/public/xypic/xybtip10.pfb></usr/share/texmf-texlive/fonts/type1/pub
lic/xypic/xycirc10.pfb></usr/share/texmf-texlive/fonts/type1/public/xypic/xydas
h10.pfb>
Output written on handout.pdf (10 pages, 7045340 bytes).
PDF statistics:
 192 PDF objects out of 1000 (max. 8388607)
 0 named destinations out of 1000 (max. 500000)
 200 words of extra memory for PDF output out of 10000 (max. 10000000)

